<?xml version="1.0" encoding="UTF-8"?>
<!-- Generated by org.testng.reporters.JUnitReportReporter -->
<testsuite hostname="LAPTOP-8TP6OQIJ" failures="0" tests="2" name="testngconcepts.Demo" time="0.009" errors="0" timestamp="2024-12-07T09:51:46 IST" skipped="0">
  <testcase classname="testngconcepts.Demo" name="method1" time="0.008"/>
  <testcase classname="testngconcepts.Demo" name="method2" time="0.001"/>
</testsuite> <!-- testngconcepts.Demo -->
