<?xml version="1.0" encoding="UTF-8"?>
<!-- Generated by org.testng.reporters.JUnitReportReporter -->
<testsuite hostname="LAPTOP-8TP6OQIJ" failures="0" tests="3" name="testngconcepts.priorityDemo" time="0.013" errors="0" timestamp="2024-12-07T10:03:12 IST" skipped="0">
  <testcase classname="testngconcepts.priorityDemo" name="verifyLogin" time="0.009"/>
  <testcase classname="testngconcepts.priorityDemo" name="verifySignup" time="0.002"/>
  <testcase classname="testngconcepts.priorityDemo" name="verifyLostItem" time="0.002"/>
</testsuite> <!-- testngconcepts.priorityDemo -->
