<?xml version="1.0" encoding="UTF-8"?>
<!-- Generated by org.testng.reporters.JUnitReportReporter -->
<testsuite hostname="LAPTOP-8TP6OQIJ" failures="0" tests="2" name="testngconcepts.dataProvider" time="9.546" errors="0" timestamp="2024-12-07T10:52:57 IST" skipped="0">
  <testcase classname="testngconcepts.dataProvider" name="login" time="4.816"/>
  <testcase classname="testngconcepts.dataProvider" name="login" time="4.730"/>
</testsuite> <!-- testngconcepts.dataProvider -->
