<?xml version="1.0" encoding="UTF-8"?>
<!-- Generated by org.testng.reporters.JUnitReportReporter -->
<testsuite hostname="LAPTOP-8TP6OQIJ" failures="0" tests="2" name="TestCases.RegisterTestCases" time="8.392" errors="0" timestamp="2024-12-18T09:03:58 IST" skipped="0">
  <testcase classname="TestCases.RegisterTestCases" name="VerifyRegistrationWithBlankData" time="3.233"/>
  <testcase classname="TestCases.RegisterTestCases" name="VerifyRegistrationWithValidData" time="5.159"/>
</testsuite> <!-- TestCases.RegisterTestCases -->
