<?xml version="1.0" encoding="UTF-8"?>
<!-- Generated by org.testng.reporters.JUnitReportReporter -->
<testsuite hostname="LAPTOP-8TP6OQIJ" failures="0" tests="2" name="testngconcepts.Demo2" time="0.003" errors="0" timestamp="2024-12-07T09:51:46 IST" skipped="0">
  <testcase classname="testngconcepts.Demo2" name="method1" time="0.002"/>
  <testcase classname="testngconcepts.Demo2" name="method2" time="0.001"/>
</testsuite> <!-- testngconcepts.Demo2 -->
