<?xml version="1.0" encoding="UTF-8"?>
<!-- Generated by org.testng.reporters.JUnitReportReporter -->
<testsuite hostname="LAPTOP-8TP6OQIJ" failures="0" tests="1" name="TestCases.loginTestCases" time="3.663" errors="0" timestamp="2024-12-18T09:03:58 IST" skipped="0">
  <testcase classname="TestCases.loginTestCases" name="verifyLoginWithValidData" time="3.663"/>
</testsuite> <!-- TestCases.loginTestCases -->
