<?xml version="1.0" encoding="UTF-8"?>
<!-- Generated by org.testng.reporters.JUnitReportReporter -->
<testsuite hostname="LAPTOP-8TP6OQIJ" failures="0" tests="2" name="testngconcepts.dependsOnMethods" time="0.010" errors="0" timestamp="2024-12-07T10:07:03 IST" skipped="0">
  <testcase classname="testngconcepts.dependsOnMethods" name="verifyLostItem" time="0.009"/>
  <testcase classname="testngconcepts.dependsOnMethods" name="verifySignup" time="0.001"/>
</testsuite> <!-- testngconcepts.dependsOnMethods -->
