<?xml version="1.0" encoding="UTF-8"?>
<!-- Generated by org.testng.reporters.JUnitReportReporter -->
<testsuite hostname="LAPTOP-8TP6OQIJ" failures="0" tests="1" name="TestCases.AddToCartTestCase" time="3.769" errors="0" timestamp="2024-12-18T06:54:35 IST" skipped="0">
  <testcase classname="TestCases.AddToCartTestCase" name="verifyCartAmount" time="3.769"/>
</testsuite> <!-- TestCases.AddToCartTestCase -->
